TN:
SF:src/ejercicio-1/boxmanager.ts
FN:13,(anonymous_0)
FN:21,(anonymous_1)
FN:29,(anonymous_2)
FN:30,(anonymous_3)
FN:36,(anonymous_4)
FN:38,(anonymous_5)
FN:46,(anonymous_6)
FN:47,(anonymous_7)
FNF:8
FNH:8
FNDA:5,(anonymous_0)
FNDA:7,(anonymous_1)
FNDA:1,(anonymous_2)
FNDA:1,(anonymous_3)
FNDA:1,(anonymous_4)
FNDA:3,(anonymous_5)
FNDA:2,(anonymous_6)
FNDA:1,(anonymous_7)
DA:7,1
DA:14,5
DA:22,7
DA:30,1
DA:37,1
DA:38,3
DA:47,2
LF:7
LH:7
BRF:0
BRH:0
end_of_record
TN:
SF:src/ejercicio-2/bill.ts
FN:7,(anonymous_0)
FN:11,(anonymous_1)
FN:15,(anonymous_2)
FNF:3
FNH:3
FNDA:3,(anonymous_0)
FNDA:6,(anonymous_1)
FNDA:3,(anonymous_2)
DA:4,1
DA:8,3
DA:12,6
DA:16,3
LF:4
LH:4
BRF:0
BRH:0
end_of_record
TN:
SF:src/ejercicio-2/htmlbill.ts
FN:8,(anonymous_0)
FN:11,(anonymous_1)
FNF:2
FNH:2
FNDA:1,(anonymous_0)
FNDA:2,(anonymous_1)
DA:7,1
DA:9,1
DA:11,2
DA:13,1
LF:4
LH:4
BRF:0
BRH:0
end_of_record
TN:
SF:src/ejercicio-2/pdfbill.ts
FN:8,(anonymous_0)
FNF:1
FNH:1
FNDA:1,(anonymous_0)
DA:7,1
DA:9,1
DA:10,1
LF:3
LH:3
BRF:0
BRH:0
end_of_record
TN:
SF:src/pe101/arithcollection.ts
FN:10,(anonymous_0)
FN:14,(anonymous_1)
FN:18,(anonymous_2)
FNF:3
FNH:3
FNDA:4,(anonymous_0)
FNDA:2,(anonymous_1)
FNDA:1,(anonymous_2)
DA:7,1
DA:8,2
DA:11,4
DA:15,2
DA:19,1
LF:5
LH:5
BRF:0
BRH:0
end_of_record
TN:
SF:src/pe101/complex.ts
FN:7,(anonymous_0)
FN:12,(anonymous_1)
FN:19,(anonymous_2)
FN:26,(anonymous_3)
FN:33,(anonymous_4)
FNF:5
FNH:5
FNDA:18,(anonymous_0)
FNDA:1,(anonymous_1)
FNDA:1,(anonymous_2)
FNDA:1,(anonymous_3)
FNDA:1,(anonymous_4)
DA:6,1
DA:8,18
DA:9,18
DA:13,1
DA:20,1
DA:27,1
DA:34,1
DA:35,1
LF:8
LH:8
BRF:0
BRH:0
end_of_record
TN:
SF:src/pe101/rational.ts
FN:7,(anonymous_0)
FN:12,(anonymous_1)
FN:19,(anonymous_2)
FN:26,(anonymous_3)
FN:33,(anonymous_4)
FNF:5
FNH:5
FNDA:18,(anonymous_0)
FNDA:1,(anonymous_1)
FNDA:1,(anonymous_2)
FNDA:1,(anonymous_3)
FNDA:1,(anonymous_4)
DA:6,1
DA:8,18
DA:9,18
DA:13,1
DA:15,1
DA:16,1
DA:20,1
DA:22,1
DA:23,1
DA:27,1
DA:34,1
LF:11
LH:11
BRF:0
BRH:0
end_of_record
